Determining if the pthread_create exist failed with the following output:
Change Dir: /home/federico/slack/build/CMakeFiles/CMakeTmp

Run Build Command:"/usr/bin/make" "cmTC_e012e/fast"
/usr/bin/make -f CMakeFiles/cmTC_e012e.dir/build.make CMakeFiles/cmTC_e012e.dir/build
make[1]: ingresso nella directory "/home/federico/slack/build/CMakeFiles/CMakeTmp"
Building C object CMakeFiles/cmTC_e012e.dir/CheckSymbolExists.c.o
/usr/lib/ccache/bin/cc    -o CMakeFiles/cmTC_e012e.dir/CheckSymbolExists.c.o   -c /home/federico/slack/build/CMakeFiles/CMakeTmp/CheckSymbolExists.c
Linking C executable cmTC_e012e
/usr/bin/cmake -E cmake_link_script CMakeFiles/cmTC_e012e.dir/link.txt --verbose=1
/usr/lib/ccache/bin/cc       CMakeFiles/cmTC_e012e.dir/CheckSymbolExists.c.o  -o cmTC_e012e -rdynamic 
CMakeFiles/cmTC_e012e.dir/CheckSymbolExists.c.o: nella funzione "main":
CheckSymbolExists.c:(.text+0x16): riferimento non definito a "pthread_create"
collect2: error: ld returned 1 exit status
CMakeFiles/cmTC_e012e.dir/build.make:97: set di istruzioni per l'obiettivo "cmTC_e012e" non riuscito
make[1]: *** [cmTC_e012e] Errore 1
make[1]: uscita dalla directory "/home/federico/slack/build/CMakeFiles/CMakeTmp"
Makefile:126: set di istruzioni per l'obiettivo "cmTC_e012e/fast" non riuscito
make: *** [cmTC_e012e/fast] Errore 2

File /home/federico/slack/build/CMakeFiles/CMakeTmp/CheckSymbolExists.c:
/* */
#include <pthread.h>

int main(int argc, char** argv)
{
  (void)argv;
#ifndef pthread_create
  return ((int*)(&pthread_create))[argc];
#else
  (void)argc;
  return 0;
#endif
}

Determining if the function pthread_create exists in the pthreads failed with the following output:
Change Dir: /home/federico/slack/build/CMakeFiles/CMakeTmp

Run Build Command:"/usr/bin/make" "cmTC_eeaf2/fast"
/usr/bin/make -f CMakeFiles/cmTC_eeaf2.dir/build.make CMakeFiles/cmTC_eeaf2.dir/build
make[1]: ingresso nella directory "/home/federico/slack/build/CMakeFiles/CMakeTmp"
Building C object CMakeFiles/cmTC_eeaf2.dir/CheckFunctionExists.c.o
/usr/lib/ccache/bin/cc   -DCHECK_FUNCTION_EXISTS=pthread_create   -o CMakeFiles/cmTC_eeaf2.dir/CheckFunctionExists.c.o   -c /usr/share/cmake-3.3/Modules/CheckFunctionExists.c
Linking C executable cmTC_eeaf2
/usr/bin/cmake -E cmake_link_script CMakeFiles/cmTC_eeaf2.dir/link.txt --verbose=1
/usr/lib/ccache/bin/cc   -DCHECK_FUNCTION_EXISTS=pthread_create    CMakeFiles/cmTC_eeaf2.dir/CheckFunctionExists.c.o  -o cmTC_eeaf2 -rdynamic -lpthreads 
/usr/bin/ld: impossibile trovare -lpthreads
collect2: error: ld returned 1 exit status
CMakeFiles/cmTC_eeaf2.dir/build.make:97: set di istruzioni per l'obiettivo "cmTC_eeaf2" non riuscito
make[1]: *** [cmTC_eeaf2] Errore 1
make[1]: uscita dalla directory "/home/federico/slack/build/CMakeFiles/CMakeTmp"
Makefile:126: set di istruzioni per l'obiettivo "cmTC_eeaf2/fast" non riuscito
make: *** [cmTC_eeaf2/fast] Errore 2


